<?xml version="1.0" encoding="UTF-8"?>
<testng-results ignored="0" total="2" passed="2" failed="0" skipped="0">
  <reporter-output>
  </reporter-output>
  <suite started-at="2022-12-21T17:27:01 IST" name="Suite1" finished-at="2022-12-21T17:27:35 IST" duration-ms="34273">
    <groups>
    </groups>
    <test started-at="2022-12-21T17:27:01 IST" name="Nopackage" finished-at="2022-12-21T17:27:35 IST" duration-ms="34273">
      <class name="com.hrms.testscripts.TC001">
        <test-method signature="tc001()[pri:0, instance:com.hrms.testscripts.TC001@156b88f5]" started-at="2022-12-21T17:27:01 IST" name="tc001" finished-at="2022-12-21T17:27:20 IST" duration-ms="18808" status="PASS">
          <reporter-output>
          </reporter-output>
        </test-method> <!-- tc001 -->
      </class> <!-- com.hrms.testscripts.TC001 -->
      <class name="com.hrms.testscripts.TC002_AddNewEmp">
        <test-method signature="tc002()[pri:0, instance:com.hrms.testscripts.TC002_AddNewEmp@6cd28fa7]" started-at="2022-12-21T17:27:20 IST" name="tc002" finished-at="2022-12-21T17:27:35 IST" duration-ms="15369" status="PASS">
          <reporter-output>
          </reporter-output>
        </test-method> <!-- tc002 -->
      </class> <!-- com.hrms.testscripts.TC002_AddNewEmp -->
    </test> <!-- Nopackage -->
  </suite> <!-- Suite1 -->
</testng-results>
